<?xml version="1.0" encoding="UTF-8"?>
<testng-results skipped="0" failed="0" ignored="0" total="1" passed="1">
  <reporter-output>
  </reporter-output>
  <suite name="Default suite" duration-ms="7539" started-at="2020-03-25T02:55:03Z" finished-at="2020-03-25T02:55:11Z">
    <groups>
    </groups>
    <test name="Default test" duration-ms="7539" started-at="2020-03-25T02:55:03Z" finished-at="2020-03-25T02:55:11Z">
      <class name="FreeCRMTestAutomationnew.FreeCRMTestAutomationnew.TestSample">
        <test-method status="PASS" signature="test1()[pri:0, instance:FreeCRMTestAutomationnew.FreeCRMTestAutomationnew.TestSample@327b636c]" name="test1" duration-ms="7514" started-at="2020-03-24T19:55:03Z" finished-at="2020-03-24T19:55:11Z">
          <reporter-output>
          </reporter-output>
        </test-method> <!-- test1 -->
      </class> <!-- FreeCRMTestAutomationnew.FreeCRMTestAutomationnew.TestSample -->
    </test> <!-- Default test -->
  </suite> <!-- Default suite -->
</testng-results>
